2015-05-21 02:29:35.201 WARN  nlogger - Config file not found. Using default configuration.
2015-05-21 02:29:35.822 INFO  main:11 - Listening on port %d3000
2015-05-21 02:34:20.470 INFO  authentication/index:13 - Localstrategyvarund6e9c56d7f078d298ed4695d899effbe
2015-05-21 02:34:20.502 INFO  authentication/index:36 - user found : { _id: 553f782e7dadcdb44415b744,
  id: 'varun',
  name: 'varun',
  email: 'varun@vg.com',
  password: '$2a$10$FTy.c4F8.IQkmZfHtgCtDOOLW2WiFFf4r/dv0JtTgZHD5v6vXeyqO',
  followers: [],
  __v: 0,
  following: [ 'noni', 'anaya', 'varun', 'hiccup' ] }
2015-05-21 02:34:20.578 INFO  authentication/index:30 - Password mismatch
2015-05-21 02:34:20.579 INFO  router/users/account:32 - passport authenticate called for user false
2015-05-21 02:34:20.579 ERROR router/users/account:38 - Invalid login credentials for user: varun
2015-05-21 02:36:44.740 INFO  authentication/index:13 - Localstrategyanju0fbe1ddfbc52dffd9e79649d4e3c0b29
2015-05-21 02:36:44.745 INFO  router/users/account:32 - passport authenticate called for user false
2015-05-21 02:36:44.745 ERROR router/users/account:38 - Invalid login credentials for user: anju
2015-05-21 02:37:11.291 INFO  authentication/index:13 - Localstrategyvikudcd989387b401ac29bf44755f31c0952
2015-05-21 02:37:11.300 INFO  authentication/index:36 - user found : { _id: 554744f1ba86e4a14ef8a0a8,
  id: 'viku',
  name: 'vikram',
  email: 'viku@ggg.com',
  password: '913c87d6d04ac27adb012b99d2ad3733',
  __v: 0,
  following: [] }
2015-05-21 02:37:11.304 INFO  authentication/index:30 - Password mismatch
2015-05-21 02:37:11.304 INFO  router/users/account:32 - passport authenticate called for user false
2015-05-21 02:37:11.307 ERROR router/users/account:38 - Invalid login credentials for user: viku
2015-05-21 02:37:18.632 INFO  authentication/index:13 - Localstrategyvikubc59fc75bb637440bc4e8516902528d0
2015-05-21 02:37:18.634 INFO  authentication/index:36 - user found : { _id: 554744f1ba86e4a14ef8a0a8,
  id: 'viku',
  name: 'vikram',
  email: 'viku@ggg.com',
  password: '913c87d6d04ac27adb012b99d2ad3733',
  __v: 0,
  following: [] }
2015-05-21 02:37:18.634 INFO  authentication/index:30 - Password mismatch
2015-05-21 02:37:18.635 INFO  router/users/account:32 - passport authenticate called for user false
2015-05-21 02:37:18.635 ERROR router/users/account:38 - Invalid login credentials for user: viku
2015-05-21 02:37:26.277 INFO  authentication/index:13 - Localstrategynoni32250170a0dca92d53ec9624f336ca24
2015-05-21 02:37:26.283 INFO  authentication/index:36 - user found : { _id: 5541fc82ca58461e4733e5ae,
  id: 'noni',
  name: 'noni',
  email: 'noni@bb.com',
  password: '$2a$10$CwIeVZ9P5QL.4einNU0EuOU4dsVB1Kop6yAt1mdL3MSb7tsMmZtHG',
  __v: 0,
  following: [ 'varun', 'hiccup' ] }
2015-05-21 02:37:26.357 INFO  authentication/index:26 - Password matches
2015-05-21 02:37:26.358 INFO  router/users/account:32 - passport authenticate called for user { _id: 5541fc82ca58461e4733e5ae,
  id: 'noni',
  name: 'noni',
  email: 'noni@bb.com',
  password: '$2a$10$CwIeVZ9P5QL.4einNU0EuOU4dsVB1Kop6yAt1mdL3MSb7tsMmZtHG',
  __v: 0,
  following: [ 'varun', 'hiccup' ] }
2015-05-21 02:37:26.360 INFO  authentication/index:44 - serialize user noni
2015-05-21 02:37:26.360 INFO  router/users/account:46 - Logged in user: noni
2015-05-21 02:37:26.361 INFO  router/users/account:47 - Session user: noni
2015-05-21 02:37:26.383 INFO  authentication/index:50 - deserialize user noni
2015-05-21 02:37:26.384 INFO  router/posts/streams:12 - All posts
2015-05-21 02:37:26.387 INFO  router/posts/streams:13 - User session: noni
2015-05-21 02:37:26.397 INFO  router/posts/streams:32 - Posts found: [ { _id: 5541f14a1a73e2d2463e0d12,
    author: 'varun',
    body: 'My new post',
    repostedFrom: null,
    __v: 0,
    createdDate: Thu Apr 30 2015 02:09:30 GMT-0700 (PDT) },
  { _id: 5541fb3ace2fa60647182e48,
    author: 'varun',
    body: 'another new post from varun',
    repostedFrom: null,
    __v: 0,
    createdDate: Thu Apr 30 2015 02:51:54 GMT-0700 (PDT) },
  { _id: 55422ea5cded12b748849850,
    author: 'noni',
    body: 'Johnny johnny',
    repostedFrom: null,
    __v: 0,
    createdDate: Thu Apr 30 2015 06:31:17 GMT-0700 (PDT) },
  { _id: 5542852486b5216a4a124e15,
    author: 'noni',
    body: 'rtwtewr',
    repostedFrom: null,
    __v: 0,
    createdDate: Thu Apr 30 2015 12:40:20 GMT-0700 (PDT) },
  { _id: 5549e8fc4928091951b5f9be,
    author: 'hiccup',
    body: 'night fury',
    repostedFrom: null,
    __v: 0,
    createdDate: Wed May 06 2015 03:12:12 GMT-0700 (PDT) },
  { _id: 5550cf55378d22c7572737eb,
    author: 'noni',
    body: 'New post by noni',
    repostedFrom: null,
    __v: 0,
    createdDate: Mon May 11 2015 08:48:37 GMT-0700 (PDT) },
  { _id: 5555c5de139fa23b5d27cf33,
    author: 'varun',
    body: 'Thank god it\'s Friday!',
    repostedFrom: null,
    __v: 0,
    createdDate: Fri May 15 2015 03:09:34 GMT-0700 (PDT) },
  { _id: 5555d3cc952904b85ded4628,
    author: 'noni',
    body: 'party time',
    repostedFrom: null,
    __v: 0,
    createdDate: Fri May 15 2015 04:09:00 GMT-0700 (PDT) },
  { _id: 5555d63eff1d73ea5da20baa,
    author: 'noni',
    body: 'hope this works!',
    repostedFrom: null,
    __v: 0,
    createdDate: Fri May 15 2015 04:19:26 GMT-0700 (PDT) },
  { _id: 5555d645ff1d73ea5da20bab,
    author: 'noni',
    body: 'Thank god it\'s Friday!',
    repostedFrom: '5555c5de139fa23b5d27cf33',
    __v: 0,
    createdDate: Fri May 15 2015 04:19:33 GMT-0700 (PDT) },
  { _id: 555b07011565766061adb6f2,
    body: 'anaya\'s post',
    author: 'varun',
    repostedFrom: '5541fb94bd339e1147c682be',
    __v: 0,
    createdDate: Tue May 19 2015 02:48:49 GMT-0700 (PDT) },
  { _id: 555c73a9bd82fc3565b15d97,
    body: 'wednesday',
    author: 'noni',
    repostedFrom: null,
    __v: 0,
    createdDate: Wed May 20 2015 04:53:52 GMT-0700 (PDT) },
  { _id: 555ca1ec1c5bd460689fe94b,
    body: 'it\'s the middle of the week',
    author: 'varun',
    repostedFrom: null,
    __v: 0,
    createdDate: Wed May 20 2015 08:18:16 GMT-0700 (PDT) },
  { _id: 555d820f7a87fd8769cb5615,
    body: 'Noni choo cha',
    author: 'noni',
    repostedFrom: null,
    __v: 0,
    createdDate: Wed May 20 2015 23:58:23 GMT-0700 (PDT) } ]
2015-05-21 02:37:26.404 INFO  db/schemas/user:25 - toClient() logged in:{ _id: 5541fc82ca58461e4733e5ae,
  id: 'noni',
  name: 'noni',
  email: 'noni@bb.com',
  password: '$2a$10$CwIeVZ9P5QL.4einNU0EuOU4dsVB1Kop6yAt1mdL3MSb7tsMmZtHG',
  __v: 0,
  following: [ 'varun', 'hiccup', 'noni' ] }
2015-05-21 02:37:26.405 INFO  db/schemas/user:28 - ToClient() following:["varun","hiccup","noni"]
2015-05-21 02:37:26.406 INFO  db/schemas/user:25 - toClient() logged in:{ _id: 5541fc82ca58461e4733e5ae,
  id: 'noni',
  name: 'noni',
  email: 'noni@bb.com',
  password: '$2a$10$CwIeVZ9P5QL.4einNU0EuOU4dsVB1Kop6yAt1mdL3MSb7tsMmZtHG',
  __v: 0,
  following: [ 'varun', 'hiccup', 'noni' ] }
2015-05-21 02:37:26.407 INFO  db/schemas/user:28 - ToClient() following:["varun","hiccup","noni"]
2015-05-21 02:37:26.407 INFO  db/schemas/user:25 - toClient() logged in:{ _id: 5541fc82ca58461e4733e5ae,
  id: 'noni',
  name: 'noni',
  email: 'noni@bb.com',
  password: '$2a$10$CwIeVZ9P5QL.4einNU0EuOU4dsVB1Kop6yAt1mdL3MSb7tsMmZtHG',
  __v: 0,
  following: [ 'varun', 'hiccup', 'noni' ] }
2015-05-21 02:37:26.409 INFO  db/schemas/user:28 - ToClient() following:["varun","hiccup","noni"]
2015-05-21 02:37:26.409 INFO  router/posts/streams:51 - Post Users: [ { id: 'hiccup',
    name: 'hiccup',
    photo: undefined,
    followedByCurrentUser: true },
  { id: 'noni',
    name: 'noni',
    photo: undefined,
    followedByCurrentUser: true },
  { id: 'varun',
    name: 'varun',
    photo: undefined,
    followedByCurrentUser: true } ]
2015-05-21 02:37:26.413 INFO  router/posts/streams:64 - Dashboard posts loaded
2015-05-21 02:37:26.650 INFO  authentication/index:50 - deserialize user noni
2015-05-21 02:38:13.859 INFO  authentication/index:50 - deserialize user noni
